<?xml version="1.0" encoding="UTF-8"?>
<!-- Generated by org.testng.reporters.JUnitXMLReporter -->
<testsuite ignored="8" hostname="LTIN485797" failures="0" tests="5" name="ChromeTest" time="48.364" errors="0" timestamp="2024-04-02T13:36:15 IST">
  <testcase classname="testCases.TC001_ValidateUserInfo" name="validateUser" time="2.895"/>
  <testcase classname="testCases.TC002_ValidateWelcomeMessage" name="welcomeMsgValidation" time="15.868"/>
  <testcase classname="testCases.TC003_ValidateDefaultLanguageAndCountry" name="validateLanguageAndCountry" time="0.162"/>
  <testcase classname="testCases.TC004_ValidateDropdownDetails" name="validateLanguageList" time="0.267"/>
  <testcase classname="testCases.TC005_ValidateGSDDetails" name="validateGsdDetails" time="10.511"/>
  <testcase classname="testBase.BaseClass" name="@AfterTest tearDown" time="0.0">
    <ignored/>
  </testcase> <!-- @AfterTest tearDown -->
  <testcase classname="testBase.BaseClass" name="@BeforeTest launchBrowser" time="0.0">
    <ignored/>
  </testcase> <!-- @BeforeTest launchBrowser -->
  <testcase classname="testBase.BaseClass" name="@AfterTest tearDown" time="0.0">
    <ignored/>
  </testcase> <!-- @AfterTest tearDown -->
  <testcase classname="testBase.BaseClass" name="@AfterTest tearDown" time="0.0">
    <ignored/>
  </testcase> <!-- @AfterTest tearDown -->
  <testcase classname="testBase.BaseClass" name="@BeforeTest launchBrowser" time="0.0">
    <ignored/>
  </testcase> <!-- @BeforeTest launchBrowser -->
  <testcase classname="testBase.BaseClass" name="@AfterTest tearDown" time="0.0">
    <ignored/>
  </testcase> <!-- @AfterTest tearDown -->
  <testcase classname="testBase.BaseClass" name="@BeforeTest launchBrowser" time="0.0">
    <ignored/>
  </testcase> <!-- @BeforeTest launchBrowser -->
  <testcase classname="testBase.BaseClass" name="@BeforeTest launchBrowser" time="0.0">
    <ignored/>
  </testcase> <!-- @BeforeTest launchBrowser -->
</testsuite> <!-- ChromeTest -->
