<?xml version="1.0" encoding="UTF-8"?>
<!-- Generated by org.testng.reporters.JUnitXMLReporter -->
<testsuite ignored="8" hostname="LTIN485797" failures="1" tests="5" name="EdgeTest" time="47.983" errors="0" timestamp="2024-04-02T13:37:06 IST">
  <testcase classname="testCases.TC001_ValidateUserInfo" name="validateUser" time="2.935">
    <failure type="java.lang.AssertionError" message="null">
      <![CDATA[java.lang.AssertionError: null
at testCases.TC001_ValidateUserInfo.validateUser(TC001_ValidateUserInfo.java:35)
at java.base/java.util.ArrayList.forEach(ArrayList.java:1511)
... Removed 29 stack frames]]>
    </failure>
  </testcase> <!-- validateUser -->
  <testcase classname="testCases.TC002_ValidateWelcomeMessage" name="welcomeMsgValidation" time="15.161"/>
  <testcase classname="testCases.TC003_ValidateDefaultLanguageAndCountry" name="validateLanguageAndCountry" time="0.161"/>
  <testcase classname="testCases.TC004_ValidateDropdownDetails" name="validateLanguageList" time="0.302"/>
  <testcase classname="testCases.TC005_ValidateGSDDetails" name="validateGsdDetails" time="12.859"/>
  <testcase classname="testBase.BaseClass" name="@BeforeTest launchBrowser" time="0.0">
    <ignored/>
  </testcase> <!-- @BeforeTest launchBrowser -->
  <testcase classname="testBase.BaseClass" name="@BeforeTest launchBrowser" time="0.0">
    <ignored/>
  </testcase> <!-- @BeforeTest launchBrowser -->
  <testcase classname="testBase.BaseClass" name="@AfterTest tearDown" time="0.0">
    <ignored/>
  </testcase> <!-- @AfterTest tearDown -->
  <testcase classname="testBase.BaseClass" name="@BeforeTest launchBrowser" time="0.0">
    <ignored/>
  </testcase> <!-- @BeforeTest launchBrowser -->
  <testcase classname="testBase.BaseClass" name="@AfterTest tearDown" time="0.0">
    <ignored/>
  </testcase> <!-- @AfterTest tearDown -->
  <testcase classname="testBase.BaseClass" name="@BeforeTest launchBrowser" time="0.0">
    <ignored/>
  </testcase> <!-- @BeforeTest launchBrowser -->
  <testcase classname="testBase.BaseClass" name="@AfterTest tearDown" time="0.0">
    <ignored/>
  </testcase> <!-- @AfterTest tearDown -->
  <testcase classname="testBase.BaseClass" name="@AfterTest tearDown" time="0.0">
    <ignored/>
  </testcase> <!-- @AfterTest tearDown -->
</testsuite> <!-- EdgeTest -->
