<?xml version="1.0" encoding="UTF-8"?>
<!-- Generated by org.testng.reporters.JUnitXMLReporter -->
<testsuite ignored="8" hostname="LTIN485797" failures="0" tests="5" name="Test" time="49.652" errors="0" timestamp="2024-04-02T14:27:45 IST">
  <testcase classname="testCases.TC001_ValidateUserInfo" name="validateUser" time="2.892"/>
  <testcase classname="testCases.TC002_ValidateWelcomeMessage" name="welcomeMsgValidation" time="15.229"/>
  <testcase classname="testCases.TC003_ValidateDefaultLanguageAndCountry" name="validateLanguageAndCountry" time="0.16"/>
  <testcase classname="testCases.TC004_ValidateDropdownDetails" name="validateLanguageList" time="0.254"/>
  <testcase classname="testCases.TC005_ValidateGSDDetails" name="validateGsdDetails" time="11.927"/>
  <testcase classname="testBase.BaseClass" name="@AfterTest tearDown" time="0.0">
    <ignored/>
  </testcase> <!-- @AfterTest tearDown -->
  <testcase classname="testBase.BaseClass" name="@BeforeTest launchBrowser" time="0.0">
    <ignored/>
  </testcase> <!-- @BeforeTest launchBrowser -->
  <testcase classname="testBase.BaseClass" name="@AfterTest tearDown" time="0.0">
    <ignored/>
  </testcase> <!-- @AfterTest tearDown -->
  <testcase classname="testBase.BaseClass" name="@AfterTest tearDown" time="0.0">
    <ignored/>
  </testcase> <!-- @AfterTest tearDown -->
  <testcase classname="testBase.BaseClass" name="@BeforeTest launchBrowser" time="0.0">
    <ignored/>
  </testcase> <!-- @BeforeTest launchBrowser -->
  <testcase classname="testBase.BaseClass" name="@AfterTest tearDown" time="0.0">
    <ignored/>
  </testcase> <!-- @AfterTest tearDown -->
  <testcase classname="testBase.BaseClass" name="@BeforeTest launchBrowser" time="0.0">
    <ignored/>
  </testcase> <!-- @BeforeTest launchBrowser -->
  <testcase classname="testBase.BaseClass" name="@BeforeTest launchBrowser" time="0.0">
    <ignored/>
  </testcase> <!-- @BeforeTest launchBrowser -->
</testsuite> <!-- Test -->
